160909 01:18:22 mysqld_safe Starting mysqld daemon with databases from /var/lib/mysql
2016-09-09 01:18:23 0 [Warning] TIMESTAMP with implicit DEFAULT value is deprecated. Please use --explicit_defaults_for_timestamp server option (see documentation for more details).
2016-09-09 01:18:23 0 [Note] /usr/sbin/mysqld (mysqld 5.6.30-0ubuntu0.15.10.1-log) starting as process 20530 ...
2016-09-09 01:18:23 20530 [Warning] Buffered warning: Changed limits: max_open_files: 1024 (requested 5000)

2016-09-09 01:18:23 20530 [Warning] Buffered warning: Changed limits: table_open_cache: 431 (requested 2000)

2016-09-09 01:18:23 20530 [Warning] Using unique option prefix myisam-recover instead of myisam-recover-options is deprecated and will be removed in a future release. Please use the full name instead.
2016-09-09 01:18:23 20530 [Note] Plugin 'FEDERATED' is disabled.
2016-09-09 01:18:23 20530 [ERROR] Function 'innodb' already exists
2016-09-09 01:18:23 20530 [Warning] Couldn't load plugin named 'innodb' with soname 'ha_innodb.so'.
2016-09-09 01:18:23 20530 [ERROR] Function 'federated' already exists
2016-09-09 01:18:23 20530 [Warning] Couldn't load plugin named 'federated' with soname 'ha_federated.so'.
2016-09-09 01:18:23 20530 [ERROR] Function 'blackhole' already exists
2016-09-09 01:18:23 20530 [Warning] Couldn't load plugin named 'blackhole' with soname 'ha_blackhole.so'.
2016-09-09 01:18:23 20530 [ERROR] Function 'archive' already exists
2016-09-09 01:18:23 20530 [Warning] Couldn't load plugin named 'archive' with soname 'ha_archive.so'.
2016-09-09 01:18:23 20530 [Note] InnoDB: Using atomics to ref count buffer pool pages
2016-09-09 01:18:23 20530 [Note] InnoDB: The InnoDB memory heap is disabled
2016-09-09 01:18:23 20530 [Note] InnoDB: Mutexes and rw_locks use GCC atomic builtins
2016-09-09 01:18:23 20530 [Note] InnoDB: Memory barrier is not used
2016-09-09 01:18:23 20530 [Note] InnoDB: Compressed tables use zlib 1.2.8
2016-09-09 01:18:23 20530 [Note] InnoDB: Using Linux native AIO
2016-09-09 01:18:23 20530 [Note] InnoDB: Using CPU crc32 instructions
2016-09-09 01:18:23 20530 [Note] InnoDB: Initializing buffer pool, size = 128.0M
2016-09-09 01:18:23 20530 [Note] InnoDB: Completed initialization of buffer pool
2016-09-09 01:18:24 20530 [Note] InnoDB: Highest supported file format is Barracuda.
2016-09-09 01:18:24 20530 [Note] InnoDB: 128 rollback segment(s) are active.
2016-09-09 01:18:24 20530 [Note] InnoDB: Waiting for purge to start
2016-09-09 01:18:24 20530 [Note] InnoDB: 5.6.30 started; log sequence number 1855007
2016-09-09 01:18:24 20530 [Note] Server hostname (bind-address): '127.0.0.1'; port: 3306
2016-09-09 01:18:24 20530 [Note]   - '127.0.0.1' resolves to '127.0.0.1';
2016-09-09 01:18:24 20530 [Note] Server socket created on IP: '127.0.0.1'.
2016-09-09 01:18:25 20530 [Note] Event Scheduler: Loaded 0 events
2016-09-09 01:18:25 20530 [Note] /usr/sbin/mysqld: ready for connections.
Version: '5.6.30-0ubuntu0.15.10.1-log'  socket: '/var/run/mysqld/mysqld.sock'  port: 3306  (Ubuntu)
2016-10-06 07:21:27 20530 [Warning] Unsafe statement written to the binary log using statement format since BINLOG_FORMAT = STATEMENT. INSERT... ON DUPLICATE KEY UPDATE  on a table with more than one UNIQUE KEY is unsafe Statement: INSERT INTO `wp_options` (`option_name`, `option_value`, `autoload`) VALUES ('_site_transient_timeout_theme_roots', '1475770887', 'yes') ON DUPLICATE KEY UPDATE `option_name` = VALUES(`option_name`), `option_value` = VALUES(`option_value`), `autoload` = VALUES(`autoload`)
2016-10-06 07:21:27 20530 [Warning] Unsafe statement written to the binary log using statement format since BINLOG_FORMAT = STATEMENT. INSERT... ON DUPLICATE KEY UPDATE  on a table with more than one UNIQUE KEY is unsafe Statement: INSERT INTO `wp_options` (`option_name`, `option_value`, `autoload`) VALUES ('_site_transient_theme_roots', 'a:2:{s:12:\"twentyeleven\";s:7:\"/themes\";s:9:\"twentyten\";s:7:\"/themes\";}', 'yes') ON DUPLICATE KEY UPDATE `option_name` = VALUES(`option_name`), `option_value` = VALUES(`option_value`), `autoload` = VALUES(`autoload`)
2016-10-06 07:21:27 20530 [Warning] Unsafe statement written to the binary log using statement format since BINLOG_FORMAT = STATEMENT. INSERT... ON DUPLICATE KEY UPDATE  on a table with more than one UNIQUE KEY is unsafe Statement: INSERT INTO `wp_options` (`option_name`, `option_value`, `autoload`) VALUES ('wp_user_roles', 'a:1:{s:13:\"administrator\";a:2:{s:4:\"name\";s:13:\"Administrator\";s:12:\"capabilities\";a:0:{}}}', 'yes') ON DUPLICATE KEY UPDATE `option_name` = VALUES(`option_name`), `option_value` = VALUES(`option_value`), `autoload` = VALUES(`autoload`)
2016-10-06 07:21:28 20530 [Warning] Unsafe statement written to the binary log using statement format since BINLOG_FORMAT = STATEMENT. INSERT... ON DUPLICATE KEY UPDATE  on a table with more than one UNIQUE KEY is unsafe Statement: INSERT INTO `wp_options` (`option_name`, `option_value`, `autoload`) VALUES ('widget_search', 'a:2:{i:2;a:1:{s:5:\"title\";s:0:\"\";}s:12:\"_multiwidget\";i:1;}', 'yes') ON DUPLICATE KEY UPDATE `option_name` = VALUES(`option_name`), `option_value` = VALUES(`option_value`), `autoload` = VALUES(`autoload`)
2016-10-06 07:21:28 20530 [Warning] Unsafe statement written to the binary log using statement format since BINLOG_FORMAT = STATEMENT. INSERT... ON DUPLICATE KEY UPDATE  on a table with more than one UNIQUE KEY is unsafe Statement: INSERT INTO `wp_options` (`option_name`, `option_value`, `autoload`) VALUES ('widget_recent-posts', 'a:2:{i:2;a:2:{s:5:\"title\";s:0:\"\";s:6:\"number\";i:5;}s:12:\"_multiwidget\";i:1;}', 'yes') ON DUPLICATE KEY UPDATE `option_name` = VALUES(`option_name`), `option_value` = VALUES(`option_value`), `autoload` = VALUES(`autoload`)
2016-10-06 07:21:28 20530 [Warning] Unsafe statement written to the binary log using statement format since BINLOG_FORMAT = STATEMENT. INSERT... ON DUPLICATE KEY UPDATE  on a table with more than one UNIQUE KEY is unsafe Statement: INSERT INTO `wp_options` (`option_name`, `option_value`, `autoload`) VALUES ('widget_recent-comments', 'a:2:{i:2;a:2:{s:5:\"title\";s:0:\"\";s:6:\"number\";i:5;}s:12:\"_multiwidget\";i:1;}', 'yes') ON DUPLICATE KEY UPDATE `option_name` = VALUES(`option_name`), `option_value` = VALUES(`option_value`), `autoload` = VALUES(`autoload`)
2016-10-06 07:21:28 20530 [Warning] Unsafe statement written to the binary log using statement format since BINLOG_FORMAT = STATEMENT. INSERT... ON DUPLICATE KEY UPDATE  on a table with more than one UNIQUE KEY is unsafe Statement: INSERT INTO `wp_options` (`option_name`, `option_value`, `autoload`) VALUES ('widget_archives', 'a:2:{i:2;a:3:{s:5:\"title\";s:0:\"\";s:5:\"count\";i:0;s:8:\"dropdown\";i:0;}s:12:\"_multiwidget\";i:1;}', 'yes') ON DUPLICATE KEY UPDATE `option_name` = VALUES(`option_name`), `option_value` = VALUES(`option_value`), `autoload` = VALUES(`autoload`)
2016-10-06 07:21:28 20530 [Warning] Unsafe statement written to the binary log using statement format since BINLOG_FORMAT = STATEMENT. INSERT... ON DUPLICATE KEY UPDATE  on a table with more than one UNIQUE KEY is unsafe Statement: INSERT INTO `wp_options` (`option_name`, `option_value`, `autoload`) VALUES ('widget_meta', 'a:2:{i:2;a:1:{s:5:\"title\";s:0:\"\";}s:12:\"_multiwidget\";i:1;}', 'yes') ON DUPLICATE KEY UPDATE `option_name` = VALUES(`option_name`), `option_value` = VALUES(`option_value`), `autoload` = VALUES(`autoload`)
2016-10-06 07:21:28 20530 [Warning] Unsafe statement written to the binary log using statement format since BINLOG_FORMAT = STATEMENT. INSERT... ON DUPLICATE KEY UPDATE  on a table with more than one UNIQUE KEY is unsafe Statement: INSERT INTO `wp_options` (`option_name`, `option_value`, `autoload`) VALUES ('sidebars_widgets', 'a:7:{s:19:\"wp_inactive_widgets\";a:0:{}s:9:\"sidebar-1\";a:6:{i:0;s:8:\"search-2\";i:1;s:14:\"recent-posts-2\";i:2;s:17:\"recent-comments-2\";i:3;s:10:\"archives-2\";i:4;s:12:\"categories-2\";i:5;s:6:\"meta-2\";}s:9:\"sidebar-2\";a:0:{}s:9:\"sidebar-3\";a:0:{}s:9:\"sidebar-4\";a:0:{}s:9:\"sidebar-5\";a:0:{}s:13:\"array_version\";i:3;}', 'yes') ON DUPLICATE KEY UPDATE `option_name` = VALUES(`option_name`), `option_value` = VALUES(`option_value`), `autoload` = VALUES(`autoload`)
2016-10-06 07:21:36 20530 [Warning] Unsafe statement written to the binary log using statement format since BINLOG_FORMAT = STATEMENT. INSERT... ON DUPLICATE KEY UPDATE  on a table with more than one UNIQUE KEY is unsafe Statement: INSERT INTO `wp_options` (`option_name`, `option_value`, `autoload`) VALUES ('cron', 'a:2:{i:1475763696;a:1:{s:16:\"wp_version_check\";a:1:{s:32:\"40cd750bba9870f18aada2478b24840a\";a:3:{s:8:\"schedule\";s:10:\"twicedaily\";s:4:\"args\";a:0:{}s:8:\"interval\";i:43200;}}}s:7:\"version\";i:2;}', 'yes') ON DUPLICATE KEY UPDATE `option_name` = VALUES(`option_name`), `option_value` = VALUES(`option_value`), `autoload` = VALUES(`autoload`)
2016-10-06 07:21:43 20530 [Warning] Unsafe statement written to the binary log using statement format since BINLOG_FORMAT = STATEMENT. INSERT... ON DUPLICATE KEY UPDATE  on a table with more than one UNIQUE KEY is unsafe Statement: INSERT INTO `wp_options` (`option_name`, `option_value`, `autoload`) VALUES ('_transient_doing_cron', '1475763703', 'yes') ON DUPLICATE KEY UPDATE `option_name` = VALUES(`option_name`), `option_value` = VALUES(`option_value`), `autoload` = VALUES(`autoload`)
2016-10-06 07:21:43 20530 [Warning] Unsafe statement written to the binary log using statement format since BINLOG_FORMAT = STATEMENT. INSERT... ON DUPLICATE KEY UPDATE  on a table with more than one UNIQUE KEY is unsafe Statement: INSERT INTO `wp_options` (`option_name`, `option_value`, `autoload`) VALUES ('_site_transient_update_core', 'O:8:\"stdClass\":3:{s:7:\"updates\";a:0:{}s:15:\"version_checked\";s:5:\"3.3.2\";s:12:\"last_checked\";i:1475763703;}', 'yes') ON DUPLICATE KEY UPDATE `option_name` = VALUES(`option_name`), `option_value` = VALUES(`option_value`), `autoload` = VALUES(`autoload`)
2016-10-06 07:21:44 20530 [Warning] Unsafe statement written to the binary log using statement format since BINLOG_FORMAT = STATEMENT. INSERT... ON DUPLICATE KEY UPDATE  on a table with more than one UNIQUE KEY is unsafe Statement: INSERT INTO `wp_options` (`option_name`, `option_value`, `autoload`) VALUES ('_site_transient_update_plugins', 'O:8:\"stdClass\":1:{s:12:\"last_checked\";i:1475763704;}', 'yes') ON DUPLICATE KEY UPDATE `option_name` = VALUES(`option_name`), `option_value` = VALUES(`option_value`), `autoload` = VALUES(`autoload`)
2016-10-06 07:21:44 20530 [Warning] Unsafe statement written to the binary log using statement format since BINLOG_FORMAT = STATEMENT. INSERT... ON DUPLICATE KEY UPDATE  on a table with more than one UNIQUE KEY is unsafe Statement: INSERT INTO `wp_options` (`option_name`, `option_value`, `autoload`) VALUES ('_site_transient_update_themes', 'O:8:\"stdClass\":1:{s:12:\"last_checked\";i:1475763704;}', 'yes') ON DUPLICATE KEY UPDATE `option_name` = VALUES(`option_name`), `option_value` = VALUES(`option_value`), `autoload` = VALUES(`autoload`)
2016-10-06 07:21:59 20530 [Warning] Unsafe statement written to the binary log using statement format since BINLOG_FORMAT = STATEMENT. INSERT... ON DUPLICATE KEY UPDATE  on a table with more than one UNIQUE KEY is unsafe Statement: INSERT INTO `wp_options` (`option_name`, `option_value`, `autoload`) VALUES ('_site_transient_timeout_browser_77b45dcaefecbab45f8c1f7956a11f60', '1476368519', 'yes') ON DUPLICATE KEY UPDATE `option_name` = VALUES(`option_name`), `option_value` = VALUES(`option_value`), `autoload` = VALUES(`autoload`)
2016-10-06 07:21:59 20530 [Warning] Unsafe statement written to the binary log using statement format since BINLOG_FORMAT = STATEMENT. INSERT... ON DUPLICATE KEY UPDATE  on a table with more than one UNIQUE KEY is unsafe Statement: INSERT INTO `wp_options` (`option_name`, `option_value`, `autoload`) VALUES ('_site_transient_browser_77b45dcaefecbab45f8c1f7956a11f60', 'a:9:{s:8:\"platform\";s:5:\"Linux\";s:4:\"name\";s:7:\"Firefox\";s:7:\"version\";s:4:\"41.0\";s:10:\"update_url\";s:23:\"http://www.firefox.com/\";s:7:\"img_src\";s:50:\"http://s.wordpress.org/images/browsers/firefox.png\";s:11:\"img_src_ssl\";s:49:\"https://wordpress.org/images/browsers/firefox.png\";s:15:\"current_version\";s:2:\"16\";s:7:\"upgrade\";b:0;s:8:\"insecure\";b:0;}', 'yes') ON DUPLICATE KEY UPDATE `option_name` = VALUES(`option_name`), `option_value` = VALUES(`option_value`), `autoload` = VALUES(`autoload`)
2016-10-06 07:21:59 20530 [Warning] Unsafe statement written to the binary log using statement format since BINLOG_FORMAT = STATEMENT. INSERT... ON DUPLICATE KEY UPDATE  on a table with more than one UNIQUE KEY is unsafe Statement: INSERT INTO `wp_options` (`option_name`, `option_value`, `autoload`) VALUES ('dashboard_widget_options', 'a:4:{s:25:\"dashboard_recent_comments\";a:1:{s:5:\"items\";i:5;}s:24:\"dashboard_incoming_links\";a:5:{s:4:\"home\";s:26:\"http://127.0.0.1/wordpress\";s:4:\"link\";s:102:\"http://blogsearch.google.com/blogsearch?scoring=d&partner=wordpress&q=link:http://127.0.0.1/wordpress/\";s:3:\"url\";s:135:\"http://blogsearch.google.com/blogsearch_feeds?scoring=d&ie=utf-8&num=10&output=rss&partner=wordpress&q=link:http://127.0.0.1/wordpress/\";s:5:\"items\";i:10;s:9:\"show_date\";b:0;}s:17:\"dashboard_primary\";a:7:{s:4:\"link\";s:35:\"http://www.wordpress-fr.net/planet/\";s:3:\"url\";s:55:\"http://feeds2.feedburner.com/WordpressFrancophonePlanet\";s:5:\"title\";s:14:\"Blog WordPress\";s:5:\"items\";i:2;s:12:\"show_summary\
2016-10-06 07:23:31 20530 [Warning] Unsafe statement written to the binary log using statement format since BINLOG_FORMAT = STATEMENT. INSERT... ON DUPLICATE KEY UPDATE  on a table with more than one UNIQUE KEY is unsafe Statement: INSERT INTO `wp_options` (`option_name`, `option_value`, `autoload`) VALUES ('_transient_doing_cron', '1475763811', 'yes') ON DUPLICATE KEY UPDATE `option_name` = VALUES(`option_name`), `option_value` = VALUES(`option_value`), `autoload` = VALUES(`autoload`)
2016-10-06 07:23:40 20530 [Warning] Unsafe statement written to the binary log using statement format since BINLOG_FORMAT = STATEMENT. INSERT... ON DUPLICATE KEY UPDATE  on a table with more than one UNIQUE KEY is unsafe Statement: INSERT INTO `wp_options` (`option_name`, `option_value`, `autoload`) VALUES ('_transient_timeout_plugin_slugs', '1475850220', 'no') ON DUPLICATE KEY UPDATE `option_name` = VALUES(`option_name`), `option_value` = VALUES(`option_value`), `autoload` = VALUES(`autoload`)
2016-10-06 07:23:40 20530 [Warning] Unsafe statement written to the binary log using statement format since BINLOG_FORMAT = STATEMENT. INSERT... ON DUPLICATE KEY UPDATE  on a table with more than one UNIQUE KEY is unsafe Statement: INSERT INTO `wp_options` (`option_name`, `option_value`, `autoload`) VALUES ('_transient_plugin_slugs', 'a:2:{i:0;s:19:\"akismet/akismet.php\";i:1;s:9:\"hello.php\";}', 'no') ON DUPLICATE KEY UPDATE `option_name` = VALUES(`option_name`), `option_value` = VALUES(`option_value`), `autoload` = VALUES(`autoload`)
2016-10-06 07:23:40 20530 [Warning] Unsafe statement written to the binary log using statement format since BINLOG_FORMAT = STATEMENT. INSERT... ON DUPLICATE KEY UPDATE  on a table with more than one UNIQUE KEY is unsafe Statement: INSERT INTO `wp_options` (`option_name`, `option_value`, `autoload`) VALUES ('recently_activated', 'a:0:{}', 'yes') ON DUPLICATE KEY UPDATE `option_name` = VALUES(`option_name`), `option_value` = VALUES(`option_value`), `autoload` = VALUES(`autoload`)
2016-10-06 07:23:52 20530 [Warning] Unsafe statement written to the binary log using statement format since BINLOG_FORMAT = STATEMENT. INSERT... ON DUPLICATE KEY UPDATE  on a table with more than one UNIQUE KEY is unsafe Statement: INSERT INTO `wp_options` (`option_name`, `option_value`, `autoload`) VALUES ('current_theme', 'Twenty Eleven', 'yes') ON DUPLICATE KEY UPDATE `option_name` = VALUES(`option_name`), `option_value` = VALUES(`option_value`), `autoload` = VALUES(`autoload`)
2016-10-06 08:05:12 20530 [Note] /usr/sbin/mysqld: Normal shutdown

2016-10-06 08:05:12 20530 [Note] Giving 0 client threads a chance to die gracefully
2016-10-06 08:05:12 20530 [Note] Event Scheduler: Purging the queue. 0 events
2016-10-06 08:05:12 20530 [Note] Shutting down slave threads
2016-10-06 08:05:12 20530 [Note] Forcefully disconnecting 0 remaining clients
2016-10-06 08:05:12 20530 [Note] Binlog end
2016-10-06 08:05:12 20530 [Note] Shutting down plugin 'partition'
2016-10-06 08:05:12 20530 [Note] Shutting down plugin 'PERFORMANCE_SCHEMA'
2016-10-06 08:05:12 20530 [Note] Shutting down plugin 'BLACKHOLE'
2016-10-06 08:05:12 20530 [Note] Shutting down plugin 'INNODB_SYS_DATAFILES'
2016-10-06 08:05:12 20530 [Note] Shutting down plugin 'INNODB_SYS_TABLESPACES'
2016-10-06 08:05:12 20530 [Note] Shutting down plugin 'INNODB_SYS_FOREIGN_COLS'
2016-10-06 08:05:12 20530 [Note] Shutting down plugin 'INNODB_SYS_FOREIGN'
2016-10-06 08:05:12 20530 [Note] Shutting down plugin 'INNODB_SYS_FIELDS'
2016-10-06 08:05:12 20530 [Note] Shutting down plugin 'INNODB_SYS_COLUMNS'
2016-10-06 08:05:12 20530 [Note] Shutting down plugin 'INNODB_SYS_INDEXES'
2016-10-06 08:05:12 20530 [Note] Shutting down plugin 'INNODB_SYS_TABLESTATS'
2016-10-06 08:05:12 20530 [Note] Shutting down plugin 'INNODB_SYS_TABLES'
2016-10-06 08:05:12 20530 [Note] Shutting down plugin 'INNODB_FT_INDEX_TABLE'
2016-10-06 08:05:12 20530 [Note] Shutting down plugin 'INNODB_FT_INDEX_CACHE'
2016-10-06 08:05:12 20530 [Note] Shutting down plugin 'INNODB_FT_CONFIG'
2016-10-06 08:05:12 20530 [Note] Shutting down plugin 'INNODB_FT_BEING_DELETED'
2016-10-06 08:05:12 20530 [Note] Shutting down plugin 'INNODB_FT_DELETED'
2016-10-06 08:05:12 20530 [Note] Shutting down plugin 'INNODB_FT_DEFAULT_STOPWORD'
2016-10-06 08:05:12 20530 [Note] Shutting down plugin 'INNODB_METRICS'
2016-10-06 08:05:12 20530 [Note] Shutting down plugin 'INNODB_BUFFER_POOL_STATS'
2016-10-06 08:05:12 20530 [Note] Shutting down plugin 'INNODB_BUFFER_PAGE_LRU'
2016-10-06 08:05:12 20530 [Note] Shutting down plugin 'INNODB_BUFFER_PAGE'
2016-10-06 08:05:12 20530 [Note] Shutting down plugin 'INNODB_CMP_PER_INDEX_RESET'
2016-10-06 08:05:12 20530 [Note] Shutting down plugin 'INNODB_CMP_PER_INDEX'
2016-10-06 08:05:12 20530 [Note] Shutting down plugin 'INNODB_CMPMEM_RESET'
2016-10-06 08:05:12 20530 [Note] Shutting down plugin 'INNODB_CMPMEM'
2016-10-06 08:05:12 20530 [Note] Shutting down plugin 'INNODB_CMP_RESET'
2016-10-06 08:05:12 20530 [Note] Shutting down plugin 'INNODB_CMP'
2016-10-06 08:05:12 20530 [Note] Shutting down plugin 'INNODB_LOCK_WAITS'
2016-10-06 08:05:12 20530 [Note] Shutting down plugin 'INNODB_LOCKS'
2016-10-06 08:05:12 20530 [Note] Shutting down plugin 'INNODB_TRX'
2016-10-06 08:05:12 20530 [Note] Shutting down plugin 'InnoDB'
2016-10-06 08:05:12 20530 [Note] InnoDB: FTS optimize thread exiting.
2016-10-06 08:05:12 20530 [Note] InnoDB: Starting shutdown...
2016-10-06 08:05:14 20530 [Note] InnoDB: Shutdown completed; log sequence number 2593984
2016-10-06 08:05:14 20530 [Note] Shutting down plugin 'ARCHIVE'
2016-10-06 08:05:14 20530 [Note] Shutting down plugin 'MyISAM'
2016-10-06 08:05:14 20530 [Note] Shutting down plugin 'CSV'
2016-10-06 08:05:14 20530 [Note] Shutting down plugin 'MEMORY'
2016-10-06 08:05:14 20530 [Note] Shutting down plugin 'MRG_MYISAM'
2016-10-06 08:05:14 20530 [Note] Shutting down plugin 'sha256_password'
2016-10-06 08:05:14 20530 [Note] Shutting down plugin 'mysql_old_password'
2016-10-06 08:05:14 20530 [Note] Shutting down plugin 'mysql_native_password'
2016-10-06 08:05:14 20530 [Note] Shutting down plugin 'binlog'
2016-10-06 08:05:14 20530 [Note] /usr/sbin/mysqld: Shutdown complete

161006 08:05:14 mysqld_safe mysqld from pid file /var/run/mysqld/mysqld.pid ended
161006 08:05:14 mysqld_safe Starting mysqld daemon with databases from /var/lib/mysql
2016-10-06 08:05:15 0 [Warning] TIMESTAMP with implicit DEFAULT value is deprecated. Please use --explicit_defaults_for_timestamp server option (see documentation for more details).
2016-10-06 08:05:15 0 [Note] /usr/sbin/mysqld (mysqld 5.6.30-0ubuntu0.15.10.1-log) starting as process 60500 ...
2016-10-06 08:05:15 60500 [Warning] Buffered warning: Changed limits: max_open_files: 1024 (requested 5000)

2016-10-06 08:05:15 60500 [Warning] Buffered warning: Changed limits: table_open_cache: 431 (requested 2000)

2016-10-06 08:05:15 60500 [Warning] Using unique option prefix myisam-recover instead of myisam-recover-options is deprecated and will be removed in a future release. Please use the full name instead.
2016-10-06 08:05:15 60500 [Note] Plugin 'FEDERATED' is disabled.
2016-10-06 08:05:15 60500 [ERROR] Function 'innodb' already exists
2016-10-06 08:05:15 60500 [Warning] Couldn't load plugin named 'innodb' with soname 'ha_innodb.so'.
2016-10-06 08:05:15 60500 [ERROR] Function 'federated' already exists
2016-10-06 08:05:15 60500 [Warning] Couldn't load plugin named 'federated' with soname 'ha_federated.so'.
2016-10-06 08:05:15 60500 [ERROR] Function 'blackhole' already exists
2016-10-06 08:05:15 60500 [Warning] Couldn't load plugin named 'blackhole' with soname 'ha_blackhole.so'.
2016-10-06 08:05:15 60500 [ERROR] Function 'archive' already exists
2016-10-06 08:05:15 60500 [Warning] Couldn't load plugin named 'archive' with soname 'ha_archive.so'.
2016-10-06 08:05:15 60500 [Note] InnoDB: Using atomics to ref count buffer pool pages
2016-10-06 08:05:15 60500 [Note] InnoDB: The InnoDB memory heap is disabled
2016-10-06 08:05:15 60500 [Note] InnoDB: Mutexes and rw_locks use GCC atomic builtins
2016-10-06 08:05:15 60500 [Note] InnoDB: Memory barrier is not used
2016-10-06 08:05:15 60500 [Note] InnoDB: Compressed tables use zlib 1.2.8
2016-10-06 08:05:15 60500 [Note] InnoDB: Using Linux native AIO
2016-10-06 08:05:15 60500 [Note] InnoDB: Using CPU crc32 instructions
2016-10-06 08:05:15 60500 [Note] InnoDB: Initializing buffer pool, size = 128.0M
2016-10-06 08:05:15 60500 [Note] InnoDB: Completed initialization of buffer pool
2016-10-06 08:05:15 60500 [Note] InnoDB: Highest supported file format is Barracuda.
2016-10-06 08:05:15 60500 [Note] InnoDB: 128 rollback segment(s) are active.
2016-10-06 08:05:15 60500 [Note] InnoDB: Waiting for purge to start
2016-10-06 08:05:15 60500 [Note] InnoDB: 5.6.30 started; log sequence number 2593984
2016-10-06 08:05:16 60500 [Note] Server hostname (bind-address): '127.0.0.1'; port: 3306
2016-10-06 08:05:16 60500 [Note]   - '127.0.0.1' resolves to '127.0.0.1';
2016-10-06 08:05:16 60500 [Note] Server socket created on IP: '127.0.0.1'.
2016-10-06 08:05:16 60500 [Note] Event Scheduler: Loaded 0 events
2016-10-06 08:05:16 60500 [Note] /usr/sbin/mysqld: ready for connections.
Version: '5.6.30-0ubuntu0.15.10.1-log'  socket: '/var/run/mysqld/mysqld.sock'  port: 3306  (Ubuntu)
2016-10-06 08:17:53 60500 [Warning] Unsafe statement written to the binary log using statement format since BINLOG_FORMAT = STATEMENT. INSERT... ON DUPLICATE KEY UPDATE  on a table with more than one UNIQUE KEY is unsafe Statement: INSERT INTO `wp_options` (`option_name`, `option_value`, `autoload`) VALUES ('_site_transient_timeout_theme_roots', '1475774273', 'yes') ON DUPLICATE KEY UPDATE `option_name` = VALUES(`option_name`), `option_value` = VALUES(`option_value`), `autoload` = VALUES(`autoload`)
2016-10-06 08:17:53 60500 [Warning] Unsafe statement written to the binary log using statement format since BINLOG_FORMAT = STATEMENT. INSERT... ON DUPLICATE KEY UPDATE  on a table with more than one UNIQUE KEY is unsafe Statement: INSERT INTO `wp_options` (`option_name`, `option_value`, `autoload`) VALUES ('_site_transient_theme_roots', 'a:2:{s:12:\"twentyeleven\";s:7:\"/themes\";s:9:\"twentyten\";s:7:\"/themes\";}', 'yes') ON DUPLICATE KEY UPDATE `option_name` = VALUES(`option_name`), `option_value` = VALUES(`option_value`), `autoload` = VALUES(`autoload`)
2016-10-06 08:17:53 60500 [Warning] Unsafe statement written to the binary log using statement format since BINLOG_FORMAT = STATEMENT. INSERT... ON DUPLICATE KEY UPDATE  on a table with more than one UNIQUE KEY is unsafe Statement: INSERT INTO `wp_options` (`option_name`, `option_value`, `autoload`) VALUES ('wp_user_roles', 'a:1:{s:13:\"administrator\";a:2:{s:4:\"name\";s:13:\"Administrator\";s:12:\"capabilities\";a:0:{}}}', 'yes') ON DUPLICATE KEY UPDATE `option_name` = VALUES(`option_name`), `option_value` = VALUES(`option_value`), `autoload` = VALUES(`autoload`)
2016-10-06 08:17:53 60500 [Warning] Unsafe statement written to the binary log using statement format since BINLOG_FORMAT = STATEMENT. INSERT... ON DUPLICATE KEY UPDATE  on a table with more than one UNIQUE KEY is unsafe Statement: INSERT INTO `wp_options` (`option_name`, `option_value`, `autoload`) VALUES ('widget_search', 'a:2:{i:2;a:1:{s:5:\"title\";s:0:\"\";}s:12:\"_multiwidget\";i:1;}', 'yes') ON DUPLICATE KEY UPDATE `option_name` = VALUES(`option_name`), `option_value` = VALUES(`option_value`), `autoload` = VALUES(`autoload`)
2016-10-06 08:17:53 60500 [Warning] Unsafe statement written to the binary log using statement format since BINLOG_FORMAT = STATEMENT. INSERT... ON DUPLICATE KEY UPDATE  on a table with more than one UNIQUE KEY is unsafe Statement: INSERT INTO `wp_options` (`option_name`, `option_value`, `autoload`) VALUES ('widget_recent-posts', 'a:2:{i:2;a:2:{s:5:\"title\";s:0:\"\";s:6:\"number\";i:5;}s:12:\"_multiwidget\";i:1;}', 'yes') ON DUPLICATE KEY UPDATE `option_name` = VALUES(`option_name`), `option_value` = VALUES(`option_value`), `autoload` = VALUES(`autoload`)
2016-10-06 08:17:53 60500 [Warning] Unsafe statement written to the binary log using statement format since BINLOG_FORMAT = STATEMENT. INSERT... ON DUPLICATE KEY UPDATE  on a table with more than one UNIQUE KEY is unsafe Statement: INSERT INTO `wp_options` (`option_name`, `option_value`, `autoload`) VALUES ('widget_recent-comments', 'a:2:{i:2;a:2:{s:5:\"title\";s:0:\"\";s:6:\"number\";i:5;}s:12:\"_multiwidget\";i:1;}', 'yes') ON DUPLICATE KEY UPDATE `option_name` = VALUES(`option_name`), `option_value` = VALUES(`option_value`), `autoload` = VALUES(`autoload`)
2016-10-06 08:17:53 60500 [Warning] Unsafe statement written to the binary log using statement format since BINLOG_FORMAT = STATEMENT. INSERT... ON DUPLICATE KEY UPDATE  on a table with more than one UNIQUE KEY is unsafe Statement: INSERT INTO `wp_options` (`option_name`, `option_value`, `autoload`) VALUES ('widget_archives', 'a:2:{i:2;a:3:{s:5:\"title\";s:0:\"\";s:5:\"count\";i:0;s:8:\"dropdown\";i:0;}s:12:\"_multiwidget\";i:1;}', 'yes') ON DUPLICATE KEY UPDATE `option_name` = VALUES(`option_name`), `option_value` = VALUES(`option_value`), `autoload` = VALUES(`autoload`)
2016-10-06 08:17:54 60500 [Warning] Unsafe statement written to the binary log using statement format since BINLOG_FORMAT = STATEMENT. INSERT... ON DUPLICATE KEY UPDATE  on a table with more than one UNIQUE KEY is unsafe Statement: INSERT INTO `wp_options` (`option_name`, `option_value`, `autoload`) VALUES ('widget_meta', 'a:2:{i:2;a:1:{s:5:\"title\";s:0:\"\";}s:12:\"_multiwidget\";i:1;}', 'yes') ON DUPLICATE KEY UPDATE `option_name` = VALUES(`option_name`), `option_value` = VALUES(`option_value`), `autoload` = VALUES(`autoload`)
2016-10-06 08:17:54 60500 [Warning] Unsafe statement written to the binary log using statement format since BINLOG_FORMAT = STATEMENT. INSERT... ON DUPLICATE KEY UPDATE  on a table with more than one UNIQUE KEY is unsafe Statement: INSERT INTO `wp_options` (`option_name`, `option_value`, `autoload`) VALUES ('sidebars_widgets', 'a:7:{s:19:\"wp_inactive_widgets\";a:0:{}s:9:\"sidebar-1\";a:6:{i:0;s:8:\"search-2\";i:1;s:14:\"recent-posts-2\";i:2;s:17:\"recent-comments-2\";i:3;s:10:\"archives-2\";i:4;s:12:\"categories-2\";i:5;s:6:\"meta-2\";}s:9:\"sidebar-2\";a:0:{}s:9:\"sidebar-3\";a:0:{}s:9:\"sidebar-4\";a:0:{}s:9:\"sidebar-5\";a:0:{}s:13:\"array_version\";i:3;}', 'yes') ON DUPLICATE KEY UPDATE `option_name` = VALUES(`option_name`), `option_value` = VALUES(`option_value`), `autoload` = VALUES(`autoload`)
2016-10-06 08:17:57 60500 [Warning] Unsafe statement written to the binary log using statement format since BINLOG_FORMAT = STATEMENT. INSERT... ON DUPLICATE KEY UPDATE  on a table with more than one UNIQUE KEY is unsafe Statement: INSERT INTO `wp_options` (`option_name`, `option_value`, `autoload`) VALUES ('cron', 'a:2:{i:1475767077;a:1:{s:16:\"wp_version_check\";a:1:{s:32:\"40cd750bba9870f18aada2478b24840a\";a:3:{s:8:\"schedule\";s:10:\"twicedaily\";s:4:\"args\";a:0:{}s:8:\"interval\";i:43200;}}}s:7:\"version\";i:2;}', 'yes') ON DUPLICATE KEY UPDATE `option_name` = VALUES(`option_name`), `option_value` = VALUES(`option_value`), `autoload` = VALUES(`autoload`)
2016-10-06 08:18:01 60500 [Warning] Unsafe statement written to the binary log using statement format since BINLOG_FORMAT = STATEMENT. INSERT... ON DUPLICATE KEY UPDATE  on a table with more than one UNIQUE KEY is unsafe Statement: INSERT INTO `wp_options` (`option_name`, `option_value`, `autoload`) VALUES ('_transient_doing_cron', '1475767081', 'yes') ON DUPLICATE KEY UPDATE `option_name` = VALUES(`option_name`), `option_value` = VALUES(`option_value`), `autoload` = VALUES(`autoload`)
2016-10-06 08:18:01 60500 [Warning] Unsafe statement written to the binary log using statement format since BINLOG_FORMAT = STATEMENT. INSERT... ON DUPLICATE KEY UPDATE  on a table with more than one UNIQUE KEY is unsafe Statement: INSERT INTO `wp_options` (`option_name`, `option_value`, `autoload`) VALUES ('_site_transient_update_core', 'O:8:\"stdClass\":3:{s:7:\"updates\";a:0:{}s:15:\"version_checked\";s:5:\"3.3.2\";s:12:\"last_checked\";i:1475767081;}', 'yes') ON DUPLICATE KEY UPDATE `option_name` = VALUES(`option_name`), `option_value` = VALUES(`option_value`), `autoload` = VALUES(`autoload`)
2016-10-06 08:18:01 60500 [Warning] Unsafe statement written to the binary log using statement format since BINLOG_FORMAT = STATEMENT. INSERT... ON DUPLICATE KEY UPDATE  on a table with more than one UNIQUE KEY is unsafe Statement: INSERT INTO `wp_options` (`option_name`, `option_value`, `autoload`) VALUES ('_site_transient_update_plugins', 'O:8:\"stdClass\":1:{s:12:\"last_checked\";i:1475767081;}', 'yes') ON DUPLICATE KEY UPDATE `option_name` = VALUES(`option_name`), `option_value` = VALUES(`option_value`), `autoload` = VALUES(`autoload`)
2016-10-06 08:18:02 60500 [Warning] Unsafe statement written to the binary log using statement format since BINLOG_FORMAT = STATEMENT. INSERT... ON DUPLICATE KEY UPDATE  on a table with more than one UNIQUE KEY is unsafe Statement: INSERT INTO `wp_options` (`option_name`, `option_value`, `autoload`) VALUES ('_site_transient_update_themes', 'O:8:\"stdClass\":1:{s:12:\"last_checked\";i:1475767082;}', 'yes') ON DUPLICATE KEY UPDATE `option_name` = VALUES(`option_name`), `option_value` = VALUES(`option_value`), `autoload` = VALUES(`autoload`)
2016-10-06 08:18:06 60500 [Warning] Unsafe statement written to the binary log using statement format since BINLOG_FORMAT = STATEMENT. INSERT... ON DUPLICATE KEY UPDATE  on a table with more than one UNIQUE KEY is unsafe Statement: INSERT INTO `wp_options` (`option_name`, `option_value`, `autoload`) VALUES ('_site_transient_timeout_browser_77b45dcaefecbab45f8c1f7956a11f60', '1476371886', 'yes') ON DUPLICATE KEY UPDATE `option_name` = VALUES(`option_name`), `option_value` = VALUES(`option_value`), `autoload` = VALUES(`autoload`)
2016-10-06 08:18:06 60500 [Warning] Unsafe statement written to the binary log using statement format since BINLOG_FORMAT = STATEMENT. INSERT... ON DUPLICATE KEY UPDATE  on a table with more than one UNIQUE KEY is unsafe Statement: INSERT INTO `wp_options` (`option_name`, `option_value`, `autoload`) VALUES ('_site_transient_browser_77b45dcaefecbab45f8c1f7956a11f60', 'a:9:{s:8:\"platform\";s:5:\"Linux\";s:4:\"name\";s:7:\"Firefox\";s:7:\"version\";s:4:\"41.0\";s:10:\"update_url\";s:23:\"http://www.firefox.com/\";s:7:\"img_src\";s:50:\"http://s.wordpress.org/images/browsers/firefox.png\";s:11:\"img_src_ssl\";s:49:\"https://wordpress.org/images/browsers/firefox.png\";s:15:\"current_version\";s:2:\"16\";s:7:\"upgrade\";b:0;s:8:\"insecure\";b:0;}', 'yes') ON DUPLICATE KEY UPDATE `option_name` = VALUES(`option_name`), `option_value` = VALUES(`option_value`), `autoload` = VALUES(`autoload`)
2016-10-06 08:18:06 60500 [Warning] Unsafe statement written to the binary log using statement format since BINLOG_FORMAT = STATEMENT. INSERT... ON DUPLICATE KEY UPDATE  on a table with more than one UNIQUE KEY is unsafe Statement: INSERT INTO `wp_options` (`option_name`, `option_value`, `autoload`) VALUES ('dashboard_widget_options', 'a:4:{s:25:\"dashboard_recent_comments\";a:1:{s:5:\"items\";i:5;}s:24:\"dashboard_incoming_links\";a:5:{s:4:\"home\";s:26:\"http://127.0.0.1/wordpress\";s:4:\"link\";s:102:\"http://blogsearch.google.com/blogsearch?scoring=d&partner=wordpress&q=link:http://127.0.0.1/wordpress/\";s:3:\"url\";s:135:\"http://blogsearch.google.com/blogsearch_feeds?scoring=d&ie=utf-8&num=10&output=rss&partner=wordpress&q=link:http://127.0.0.1/wordpress/\";s:5:\"items\";i:10;s:9:\"show_date\";b:0;}s:17:\"dashboard_primary\";a:7:{s:4:\"link\";s:35:\"http://www.wordpress-fr.net/planet/\";s:3:\"url\";s:55:\"http://feeds2.feedburner.com/WordpressFrancophonePlanet\";s:5:\"title\";s:14:\"Blog WordPress\";s:5:\"items\";i:2;s:12:\"show_summary\
2016-10-06 08:18:11 60500 [Warning] Unsafe statement written to the binary log using statement format since BINLOG_FORMAT = STATEMENT. INSERT... ON DUPLICATE KEY UPDATE  on a table with more than one UNIQUE KEY is unsafe Statement: INSERT INTO `wp_options` (`option_name`, `option_value`, `autoload`) VALUES ('_transient_doing_cron', '1475767091', 'yes') ON DUPLICATE KEY UPDATE `option_name` = VALUES(`option_name`), `option_value` = VALUES(`option_value`), `autoload` = VALUES(`autoload`)
2016-10-06 08:19:38 60500 [Warning] Unsafe statement written to the binary log using statement format since BINLOG_FORMAT = STATEMENT. INSERT... ON DUPLICATE KEY UPDATE  on a table with more than one UNIQUE KEY is unsafe Statement: INSERT INTO `wp_options` (`option_name`, `option_value`, `autoload`) VALUES ('_transient_timeout_plugin_slugs', '1475853578', 'no') ON DUPLICATE KEY UPDATE `option_name` = VALUES(`option_name`), `option_value` = VALUES(`option_value`), `autoload` = VALUES(`autoload`)
2016-10-06 08:19:38 60500 [Warning] Unsafe statement written to the binary log using statement format since BINLOG_FORMAT = STATEMENT. INSERT... ON DUPLICATE KEY UPDATE  on a table with more than one UNIQUE KEY is unsafe Statement: INSERT INTO `wp_options` (`option_name`, `option_value`, `autoload`) VALUES ('_transient_plugin_slugs', 'a:2:{i:0;s:19:\"akismet/akismet.php\";i:1;s:9:\"hello.php\";}', 'no') ON DUPLICATE KEY UPDATE `option_name` = VALUES(`option_name`), `option_value` = VALUES(`option_value`), `autoload` = VALUES(`autoload`)
2016-10-06 08:19:38 60500 [Warning] Unsafe statement written to the binary log using statement format since BINLOG_FORMAT = STATEMENT. INSERT... ON DUPLICATE KEY UPDATE  on a table with more than one UNIQUE KEY is unsafe Statement: INSERT INTO `wp_options` (`option_name`, `option_value`, `autoload`) VALUES ('recently_activated', 'a:0:{}', 'yes') ON DUPLICATE KEY UPDATE `option_name` = VALUES(`option_name`), `option_value` = VALUES(`option_value`), `autoload` = VALUES(`autoload`)
2016-10-06 08:19:39 60500 [Warning] Unsafe statement written to the binary log using statement format since BINLOG_FORMAT = STATEMENT. INSERT... ON DUPLICATE KEY UPDATE  on a table with more than one UNIQUE KEY is unsafe Statement: INSERT INTO `wp_options` (`option_name`, `option_value`, `autoload`) VALUES ('current_theme', 'Twenty Eleven', 'yes') ON DUPLICATE KEY UPDATE `option_name` = VALUES(`option_name`), `option_value` = VALUES(`option_value`), `autoload` = VALUES(`autoload`)
